{"/Applications/MAMP/htdocs/piio/openrumjs/src/constants/constants.js": {"path":"/Applications/MAMP/htdocs/piio/openrumjs/src/constants/constants.js","statementMap":{"0":{"start":{"line":1,"column":16},"end":{"line":1,"column":18}},"1":{"start":{"line":2,"column":19},"end":{"line":2,"column":20}},"2":{"start":{"line":3,"column":21},"end":{"line":3,"column":22}},"3":{"start":{"line":4,"column":27},"end":{"line":4,"column":28}},"4":{"start":{"line":5,"column":24},"end":{"line":5,"column":25}},"5":{"start":{"line":6,"column":20},"end":{"line":6,"column":21}},"6":{"start":{"line":7,"column":16},"end":{"line":7,"column":17}},"7":{"start":{"line":8,"column":13},"end":{"line":8,"column":14}},"8":{"start":{"line":9,"column":16},"end":{"line":9,"column":17}},"9":{"start":{"line":10,"column":17},"end":{"line":10,"column":18}},"10":{"start":{"line":11,"column":26},"end":{"line":11,"column":27}},"11":{"start":{"line":12,"column":24},"end":{"line":12,"column":25}},"12":{"start":{"line":13,"column":14},"end":{"line":13,"column":15}},"13":{"start":{"line":14,"column":12},"end":{"line":14,"column":13}},"14":{"start":{"line":15,"column":20},"end":{"line":15,"column":21}},"15":{"start":{"line":16,"column":13},"end":{"line":16,"column":14}}},"fnMap":{},"branchMap":{},"s":{"0":1,"1":1,"2":1,"3":1,"4":1,"5":1,"6":1,"7":1,"8":1,"9":1,"10":1,"11":1,"12":1,"13":1,"14":1,"15":1},"f":{},"b":{},"_coverageSchema":"43e27e138ebf9cfc5966b082cf9a028302ed4184","hash":"bc55a781b7db583f484bc06300855a079fb2427d"}
,"/Applications/MAMP/htdocs/piio/openrumjs/src/utils/device.js": {"path":"/Applications/MAMP/htdocs/piio/openrumjs/src/utils/device.js","statementMap":{"0":{"start":{"line":2,"column":13},"end":{"line":2,"column":32}},"1":{"start":{"line":3,"column":2},"end":{"line":5,"column":3}},"2":{"start":{"line":4,"column":4},"end":{"line":4,"column":20}},"3":{"start":{"line":6,"column":2},"end":{"line":12,"column":3}},"4":{"start":{"line":11,"column":4},"end":{"line":11,"column":19}},"5":{"start":{"line":13,"column":2},"end":{"line":13,"column":19}}},"fnMap":{"0":{"name":"getDeviceType","decl":{"start":{"line":1,"column":24},"end":{"line":1,"column":37}},"loc":{"start":{"line":1,"column":40},"end":{"line":14,"column":1}},"line":1}},"branchMap":{"0":{"loc":{"start":{"line":3,"column":2},"end":{"line":5,"column":3}},"type":"if","locations":[{"start":{"line":3,"column":2},"end":{"line":5,"column":3}},{"start":{"line":3,"column":2},"end":{"line":5,"column":3}}],"line":3},"1":{"loc":{"start":{"line":6,"column":2},"end":{"line":12,"column":3}},"type":"if","locations":[{"start":{"line":6,"column":2},"end":{"line":12,"column":3}},{"start":{"line":6,"column":2},"end":{"line":12,"column":3}}],"line":6}},"s":{"0":1,"1":1,"2":0,"3":1,"4":0,"5":1},"f":{"0":1},"b":{"0":[0,1],"1":[0,1]},"_coverageSchema":"43e27e138ebf9cfc5966b082cf9a028302ed4184","hash":"1c1d9a275b3d5db1eb35bc82a944175b2261a14b"}
,"/Applications/MAMP/htdocs/piio/openrumjs/src/utils/prepare-data.js": {"path":"/Applications/MAMP/htdocs/piio/openrumjs/src/utils/prepare-data.js","statementMap":{"0":{"start":{"line":20,"column":2},"end":{"line":22,"column":3}},"1":{"start":{"line":21,"column":4},"end":{"line":21,"column":17}},"2":{"start":{"line":24,"column":15},"end":{"line":24,"column":17}},"3":{"start":{"line":25,"column":18},"end":{"line":25,"column":42}},"4":{"start":{"line":26,"column":19},"end":{"line":27,"column":62}},"5":{"start":{"line":28,"column":17},"end":{"line":29,"column":48}},"6":{"start":{"line":31,"column":2},"end":{"line":31,"column":37}},"7":{"start":{"line":32,"column":21},"end":{"line":32,"column":98}},"8":{"start":{"line":33,"column":2},"end":{"line":33,"column":80}},"9":{"start":{"line":34,"column":2},"end":{"line":34,"column":32}},"10":{"start":{"line":36,"column":2},"end":{"line":58,"column":3}},"11":{"start":{"line":37,"column":4},"end":{"line":37,"column":45}},"12":{"start":{"line":38,"column":4},"end":{"line":38,"column":41}},"13":{"start":{"line":39,"column":4},"end":{"line":39,"column":43}},"14":{"start":{"line":40,"column":4},"end":{"line":40,"column":73}},"15":{"start":{"line":41,"column":4},"end":{"line":41,"column":69}},"16":{"start":{"line":42,"column":4},"end":{"line":42,"column":49}},"17":{"start":{"line":43,"column":4},"end":{"line":43,"column":55}},"18":{"start":{"line":44,"column":4},"end":{"line":44,"column":51}},"19":{"start":{"line":45,"column":4},"end":{"line":45,"column":41}},"20":{"start":{"line":46,"column":4},"end":{"line":46,"column":49}},"21":{"start":{"line":47,"column":4},"end":{"line":47,"column":45}},"22":{"start":{"line":48,"column":4},"end":{"line":48,"column":51}},"23":{"start":{"line":49,"column":4},"end":{"line":49,"column":47}},"24":{"start":{"line":50,"column":4},"end":{"line":50,"column":43}},"25":{"start":{"line":51,"column":4},"end":{"line":51,"column":45}},"26":{"start":{"line":52,"column":4},"end":{"line":52,"column":47}},"27":{"start":{"line":53,"column":4},"end":{"line":53,"column":43}},"28":{"start":{"line":54,"column":4},"end":{"line":54,"column":63}},"29":{"start":{"line":55,"column":4},"end":{"line":55,"column":53}},"30":{"start":{"line":56,"column":4},"end":{"line":56,"column":49}},"31":{"start":{"line":57,"column":4},"end":{"line":57,"column":41}},"32":{"start":{"line":60,"column":2},"end":{"line":62,"column":3}},"33":{"start":{"line":61,"column":4},"end":{"line":61,"column":60}},"34":{"start":{"line":64,"column":2},"end":{"line":66,"column":3}},"35":{"start":{"line":65,"column":4},"end":{"line":65,"column":82}},"36":{"start":{"line":68,"column":2},"end":{"line":71,"column":3}},"37":{"start":{"line":69,"column":4},"end":{"line":69,"column":73}},"38":{"start":{"line":70,"column":4},"end":{"line":70,"column":77}},"39":{"start":{"line":73,"column":2},"end":{"line":75,"column":3}},"40":{"start":{"line":74,"column":4},"end":{"line":74,"column":62}},"41":{"start":{"line":77,"column":2},"end":{"line":79,"column":3}},"42":{"start":{"line":78,"column":4},"end":{"line":78,"column":66}},"43":{"start":{"line":81,"column":2},"end":{"line":84,"column":3}},"44":{"start":{"line":82,"column":4},"end":{"line":82,"column":68}},"45":{"start":{"line":83,"column":4},"end":{"line":83,"column":74}},"46":{"start":{"line":85,"column":2},"end":{"line":87,"column":3}},"47":{"start":{"line":86,"column":4},"end":{"line":86,"column":68}},"48":{"start":{"line":89,"column":2},"end":{"line":91,"column":3}},"49":{"start":{"line":90,"column":4},"end":{"line":90,"column":70}},"50":{"start":{"line":93,"column":2},"end":{"line":95,"column":3}},"51":{"start":{"line":94,"column":4},"end":{"line":94,"column":73}},"52":{"start":{"line":97,"column":2},"end":{"line":107,"column":3}},"53":{"start":{"line":98,"column":4},"end":{"line":99,"column":71}},"54":{"start":{"line":100,"column":4},"end":{"line":101,"column":82}},"55":{"start":{"line":102,"column":4},"end":{"line":102,"column":36}},"56":{"start":{"line":103,"column":20},"end":{"line":103,"column":44}},"57":{"start":{"line":104,"column":4},"end":{"line":106,"column":5}},"58":{"start":{"line":104,"column":17},"end":{"line":104,"column":18}},"59":{"start":{"line":105,"column":6},"end":{"line":105,"column":96}},"60":{"start":{"line":109,"column":2},"end":{"line":111,"column":3}},"61":{"start":{"line":110,"column":4},"end":{"line":110,"column":73}},"62":{"start":{"line":113,"column":2},"end":{"line":115,"column":3}},"63":{"start":{"line":114,"column":4},"end":{"line":114,"column":78}},"64":{"start":{"line":117,"column":2},"end":{"line":119,"column":3}},"65":{"start":{"line":118,"column":4},"end":{"line":118,"column":64}},"66":{"start":{"line":121,"column":2},"end":{"line":121,"column":14}}},"fnMap":{"0":{"name":"prepareData","decl":{"start":{"line":19,"column":24},"end":{"line":19,"column":35}},"loc":{"start":{"line":19,"column":55},"end":{"line":122,"column":1}},"line":19}},"branchMap":{"0":{"loc":{"start":{"line":20,"column":2},"end":{"line":22,"column":3}},"type":"if","locations":[{"start":{"line":20,"column":2},"end":{"line":22,"column":3}},{"start":{"line":20,"column":2},"end":{"line":22,"column":3}}],"line":20},"1":{"loc":{"start":{"line":20,"column":6},"end":{"line":20,"column":71}},"type":"binary-expr","locations":[{"start":{"line":20,"column":6},"end":{"line":20,"column":24}},{"start":{"line":20,"column":28},"end":{"line":20,"column":71}}],"line":20},"2":{"loc":{"start":{"line":26,"column":19},"end":{"line":27,"column":62}},"type":"cond-expr","locations":[{"start":{"line":27,"column":4},"end":{"line":27,"column":55}},{"start":{"line":27,"column":58},"end":{"line":27,"column":62}}],"line":26},"3":{"loc":{"start":{"line":28,"column":17},"end":{"line":29,"column":48}},"type":"cond-expr","locations":[{"start":{"line":29,"column":4},"end":{"line":29,"column":41}},{"start":{"line":29,"column":44},"end":{"line":29,"column":48}}],"line":28},"4":{"loc":{"start":{"line":32,"column":21},"end":{"line":32,"column":98}},"type":"binary-expr","locations":[{"start":{"line":32,"column":21},"end":{"line":32,"column":41}},{"start":{"line":32,"column":45},"end":{"line":32,"column":68}},{"start":{"line":32,"column":72},"end":{"line":32,"column":98}}],"line":32},"5":{"loc":{"start":{"line":33,"column":34},"end":{"line":33,"column":78}},"type":"cond-expr","locations":[{"start":{"line":33,"column":47},"end":{"line":33,"column":71}},{"start":{"line":33,"column":74},"end":{"line":33,"column":78}}],"line":33},"6":{"loc":{"start":{"line":36,"column":2},"end":{"line":58,"column":3}},"type":"if","locations":[{"start":{"line":36,"column":2},"end":{"line":58,"column":3}},{"start":{"line":36,"column":2},"end":{"line":58,"column":3}}],"line":36},"7":{"loc":{"start":{"line":60,"column":2},"end":{"line":62,"column":3}},"type":"if","locations":[{"start":{"line":60,"column":2},"end":{"line":62,"column":3}},{"start":{"line":60,"column":2},"end":{"line":62,"column":3}}],"line":60},"8":{"loc":{"start":{"line":64,"column":2},"end":{"line":66,"column":3}},"type":"if","locations":[{"start":{"line":64,"column":2},"end":{"line":66,"column":3}},{"start":{"line":64,"column":2},"end":{"line":66,"column":3}}],"line":64},"9":{"loc":{"start":{"line":68,"column":2},"end":{"line":71,"column":3}},"type":"if","locations":[{"start":{"line":68,"column":2},"end":{"line":71,"column":3}},{"start":{"line":68,"column":2},"end":{"line":71,"column":3}}],"line":68},"10":{"loc":{"start":{"line":73,"column":2},"end":{"line":75,"column":3}},"type":"if","locations":[{"start":{"line":73,"column":2},"end":{"line":75,"column":3}},{"start":{"line":73,"column":2},"end":{"line":75,"column":3}}],"line":73},"11":{"loc":{"start":{"line":77,"column":2},"end":{"line":79,"column":3}},"type":"if","locations":[{"start":{"line":77,"column":2},"end":{"line":79,"column":3}},{"start":{"line":77,"column":2},"end":{"line":79,"column":3}}],"line":77},"12":{"loc":{"start":{"line":81,"column":2},"end":{"line":84,"column":3}},"type":"if","locations":[{"start":{"line":81,"column":2},"end":{"line":84,"column":3}},{"start":{"line":81,"column":2},"end":{"line":84,"column":3}}],"line":81},"13":{"loc":{"start":{"line":85,"column":2},"end":{"line":87,"column":3}},"type":"if","locations":[{"start":{"line":85,"column":2},"end":{"line":87,"column":3}},{"start":{"line":85,"column":2},"end":{"line":87,"column":3}}],"line":85},"14":{"loc":{"start":{"line":89,"column":2},"end":{"line":91,"column":3}},"type":"if","locations":[{"start":{"line":89,"column":2},"end":{"line":91,"column":3}},{"start":{"line":89,"column":2},"end":{"line":91,"column":3}}],"line":89},"15":{"loc":{"start":{"line":89,"column":6},"end":{"line":89,"column":70}},"type":"binary-expr","locations":[{"start":{"line":89,"column":7},"end":{"line":89,"column":30}},{"start":{"line":89,"column":36},"end":{"line":89,"column":69}}],"line":89},"16":{"loc":{"start":{"line":93,"column":2},"end":{"line":95,"column":3}},"type":"if","locations":[{"start":{"line":93,"column":2},"end":{"line":95,"column":3}},{"start":{"line":93,"column":2},"end":{"line":95,"column":3}}],"line":93},"17":{"loc":{"start":{"line":97,"column":2},"end":{"line":107,"column":3}},"type":"if","locations":[{"start":{"line":97,"column":2},"end":{"line":107,"column":3}},{"start":{"line":97,"column":2},"end":{"line":107,"column":3}}],"line":97},"18":{"loc":{"start":{"line":97,"column":6},"end":{"line":97,"column":30}},"type":"binary-expr","locations":[{"start":{"line":97,"column":7},"end":{"line":97,"column":18}},{"start":{"line":97,"column":24},"end":{"line":97,"column":29}}],"line":97},"19":{"loc":{"start":{"line":98,"column":23},"end":{"line":99,"column":69}},"type":"cond-expr","locations":[{"start":{"line":99,"column":6},"end":{"line":99,"column":62}},{"start":{"line":99,"column":65},"end":{"line":99,"column":69}}],"line":98},"20":{"loc":{"start":{"line":100,"column":32},"end":{"line":101,"column":80}},"type":"cond-expr","locations":[{"start":{"line":101,"column":6},"end":{"line":101,"column":73}},{"start":{"line":101,"column":76},"end":{"line":101,"column":80}}],"line":100},"21":{"loc":{"start":{"line":109,"column":2},"end":{"line":111,"column":3}},"type":"if","locations":[{"start":{"line":109,"column":2},"end":{"line":111,"column":3}},{"start":{"line":109,"column":2},"end":{"line":111,"column":3}}],"line":109},"22":{"loc":{"start":{"line":113,"column":2},"end":{"line":115,"column":3}},"type":"if","locations":[{"start":{"line":113,"column":2},"end":{"line":115,"column":3}},{"start":{"line":113,"column":2},"end":{"line":115,"column":3}}],"line":113},"23":{"loc":{"start":{"line":113,"column":6},"end":{"line":113,"column":38}},"type":"binary-expr","locations":[{"start":{"line":113,"column":7},"end":{"line":113,"column":24}},{"start":{"line":113,"column":30},"end":{"line":113,"column":37}}],"line":113},"24":{"loc":{"start":{"line":117,"column":2},"end":{"line":119,"column":3}},"type":"if","locations":[{"start":{"line":117,"column":2},"end":{"line":119,"column":3}},{"start":{"line":117,"column":2},"end":{"line":119,"column":3}}],"line":117}},"s":{"0":2,"1":1,"2":1,"3":1,"4":1,"5":1,"6":1,"7":1,"8":1,"9":1,"10":1,"11":0,"12":0,"13":0,"14":0,"15":0,"16":0,"17":0,"18":0,"19":0,"20":0,"21":0,"22":0,"23":0,"24":0,"25":0,"26":0,"27":0,"28":0,"29":0,"30":0,"31":0,"32":1,"33":1,"34":1,"35":1,"36":1,"37":1,"38":1,"39":1,"40":1,"41":1,"42":1,"43":1,"44":1,"45":1,"46":1,"47":1,"48":1,"49":0,"50":1,"51":1,"52":1,"53":0,"54":0,"55":0,"56":0,"57":0,"58":0,"59":0,"60":1,"61":1,"62":1,"63":0,"64":1,"65":1,"66":1},"f":{"0":2},"b":{"0":[1,1],"1":[2,2],"2":[0,1],"3":[0,1],"4":[1,1,1],"5":[0,1],"6":[0,1],"7":[1,0],"8":[1,0],"9":[1,0],"10":[1,0],"11":[1,0],"12":[1,0],"13":[1,0],"14":[0,1],"15":[1,1],"16":[1,0],"17":[0,1],"18":[1,1],"19":[0,0],"20":[0,0],"21":[1,0],"22":[0,1],"23":[1,1],"24":[1,0]},"_coverageSchema":"43e27e138ebf9cfc5966b082cf9a028302ed4184","hash":"c42b8ab2875cfafa8828494d6cf73e9e8ed11b1b"}
,"/Applications/MAMP/htdocs/piio/openrumjs/tests/utils/performanceObject.js": {"path":"/Applications/MAMP/htdocs/piio/openrumjs/tests/utils/performanceObject.js","statementMap":{"0":{"start":{"line":2,"column":2},"end":{"line":31,"column":10}}},"fnMap":{"0":{"name":"performanceObject","decl":{"start":{"line":1,"column":24},"end":{"line":1,"column":41}},"loc":{"start":{"line":1,"column":44},"end":{"line":32,"column":1}},"line":1}},"branchMap":{},"s":{"0":1},"f":{"0":1},"b":{},"_coverageSchema":"43e27e138ebf9cfc5966b082cf9a028302ed4184","hash":"7bf71c606bc852c69be7017344fa518eadbb6028"}
}
