{"/Applications/MAMP/htdocs/piio/openrumjs/src/constants/constants.js": {"path":"/Applications/MAMP/htdocs/piio/openrumjs/src/constants/constants.js","statementMap":{"0":{"start":{"line":1,"column":16},"end":{"line":1,"column":88}},"1":{"start":{"line":2,"column":19},"end":{"line":2,"column":20}},"2":{"start":{"line":3,"column":21},"end":{"line":3,"column":22}},"3":{"start":{"line":4,"column":27},"end":{"line":4,"column":28}},"4":{"start":{"line":5,"column":24},"end":{"line":5,"column":25}},"5":{"start":{"line":6,"column":20},"end":{"line":6,"column":21}},"6":{"start":{"line":7,"column":16},"end":{"line":7,"column":17}},"7":{"start":{"line":8,"column":13},"end":{"line":8,"column":14}},"8":{"start":{"line":9,"column":16},"end":{"line":9,"column":17}},"9":{"start":{"line":10,"column":17},"end":{"line":10,"column":18}},"10":{"start":{"line":11,"column":26},"end":{"line":11,"column":27}},"11":{"start":{"line":12,"column":24},"end":{"line":12,"column":25}},"12":{"start":{"line":13,"column":14},"end":{"line":13,"column":15}},"13":{"start":{"line":14,"column":12},"end":{"line":14,"column":13}},"14":{"start":{"line":15,"column":20},"end":{"line":15,"column":21}},"15":{"start":{"line":16,"column":13},"end":{"line":16,"column":14}}},"fnMap":{},"branchMap":{},"s":{"0":1,"1":1,"2":1,"3":1,"4":1,"5":1,"6":1,"7":1,"8":1,"9":1,"10":1,"11":1,"12":1,"13":1,"14":1,"15":1},"f":{},"b":{},"_coverageSchema":"43e27e138ebf9cfc5966b082cf9a028302ed4184","hash":"7559e8fd48d962213373f3cd87f23e08e2291a47"}
,"/Applications/MAMP/htdocs/piio/openrumjs/src/utils/browser.js": {"path":"/Applications/MAMP/htdocs/piio/openrumjs/src/utils/browser.js","statementMap":{"0":{"start":{"line":4,"column":2},"end":{"line":7,"column":3}},"1":{"start":{"line":6,"column":4},"end":{"line":6,"column":19}},"2":{"start":{"line":10,"column":2},"end":{"line":12,"column":3}},"3":{"start":{"line":11,"column":4},"end":{"line":11,"column":21}},"4":{"start":{"line":15,"column":2},"end":{"line":22,"column":3}},"5":{"start":{"line":17,"column":5},"end":{"line":18,"column":48}},"6":{"start":{"line":21,"column":4},"end":{"line":21,"column":20}},"7":{"start":{"line":25,"column":13},"end":{"line":25,"column":18}},"8":{"start":{"line":26,"column":2},"end":{"line":29,"column":3}},"9":{"start":{"line":27,"column":4},"end":{"line":27,"column":16}},"10":{"start":{"line":28,"column":4},"end":{"line":28,"column":16}},"11":{"start":{"line":30,"column":2},"end":{"line":32,"column":3}},"12":{"start":{"line":31,"column":4},"end":{"line":31,"column":18}},"13":{"start":{"line":35,"column":2},"end":{"line":41,"column":3}},"14":{"start":{"line":37,"column":4},"end":{"line":39,"column":5}},"15":{"start":{"line":38,"column":6},"end":{"line":38,"column":28}},"16":{"start":{"line":40,"column":4},"end":{"line":40,"column":20}}},"fnMap":{"0":{"name":"getBrowser","decl":{"start":{"line":2,"column":24},"end":{"line":2,"column":34}},"loc":{"start":{"line":2,"column":37},"end":{"line":42,"column":1}},"line":2},"1":{"name":"(anonymous_1)","decl":{"start":{"line":16,"column":4},"end":{"line":16,"column":5}},"loc":{"start":{"line":16,"column":16},"end":{"line":19,"column":4}},"line":16}},"branchMap":{"0":{"loc":{"start":{"line":4,"column":2},"end":{"line":7,"column":3}},"type":"if","locations":[{"start":{"line":4,"column":2},"end":{"line":7,"column":3}},{"start":{"line":4,"column":2},"end":{"line":7,"column":3}}],"line":4},"1":{"loc":{"start":{"line":4,"column":6},"end":{"line":5,"column":43}},"type":"binary-expr","locations":[{"start":{"line":4,"column":7},"end":{"line":4,"column":19}},{"start":{"line":4,"column":23},"end":{"line":4,"column":35}},{"start":{"line":4,"column":40},"end":{"line":4,"column":54}},{"start":{"line":5,"column":2},"end":{"line":5,"column":43}}],"line":4},"2":{"loc":{"start":{"line":10,"column":2},"end":{"line":12,"column":3}},"type":"if","locations":[{"start":{"line":10,"column":2},"end":{"line":12,"column":3}},{"start":{"line":10,"column":2},"end":{"line":12,"column":3}}],"line":10},"3":{"loc":{"start":{"line":15,"column":2},"end":{"line":22,"column":3}},"type":"if","locations":[{"start":{"line":15,"column":2},"end":{"line":22,"column":3}},{"start":{"line":15,"column":2},"end":{"line":22,"column":3}}],"line":15},"4":{"loc":{"start":{"line":15,"column":6},"end":{"line":20,"column":74}},"type":"binary-expr","locations":[{"start":{"line":15,"column":6},"end":{"line":15,"column":45}},{"start":{"line":16,"column":4},"end":{"line":20,"column":73}}],"line":15},"5":{"loc":{"start":{"line":19,"column":5},"end":{"line":20,"column":72}},"type":"binary-expr","locations":[{"start":{"line":19,"column":5},"end":{"line":19,"column":19}},{"start":{"line":20,"column":8},"end":{"line":20,"column":37}},{"start":{"line":20,"column":41},"end":{"line":20,"column":71}}],"line":19},"6":{"loc":{"start":{"line":26,"column":2},"end":{"line":29,"column":3}},"type":"if","locations":[{"start":{"line":26,"column":2},"end":{"line":29,"column":3}},{"start":{"line":26,"column":2},"end":{"line":29,"column":3}}],"line":26},"7":{"loc":{"start":{"line":26,"column":20},"end":{"line":26,"column":52}},"type":"binary-expr","locations":[{"start":{"line":26,"column":20},"end":{"line":26,"column":25}},{"start":{"line":26,"column":29},"end":{"line":26,"column":52}}],"line":26},"8":{"loc":{"start":{"line":30,"column":2},"end":{"line":32,"column":3}},"type":"if","locations":[{"start":{"line":30,"column":2},"end":{"line":32,"column":3}},{"start":{"line":30,"column":2},"end":{"line":32,"column":3}}],"line":30},"9":{"loc":{"start":{"line":30,"column":6},"end":{"line":30,"column":34}},"type":"binary-expr","locations":[{"start":{"line":30,"column":6},"end":{"line":30,"column":11}},{"start":{"line":30,"column":15},"end":{"line":30,"column":34}}],"line":30},"10":{"loc":{"start":{"line":35,"column":2},"end":{"line":41,"column":3}},"type":"if","locations":[{"start":{"line":35,"column":2},"end":{"line":41,"column":3}},{"start":{"line":35,"column":2},"end":{"line":41,"column":3}}],"line":35},"11":{"loc":{"start":{"line":35,"column":6},"end":{"line":35,"column":78}},"type":"binary-expr","locations":[{"start":{"line":35,"column":6},"end":{"line":35,"column":21}},{"start":{"line":35,"column":26},"end":{"line":35,"column":50}},{"start":{"line":35,"column":54},"end":{"line":35,"column":77}}],"line":35},"12":{"loc":{"start":{"line":37,"column":4},"end":{"line":39,"column":5}},"type":"if","locations":[{"start":{"line":37,"column":4},"end":{"line":39,"column":5}},{"start":{"line":37,"column":4},"end":{"line":39,"column":5}}],"line":37}},"s":{"0":1,"1":0,"2":1,"3":0,"4":1,"5":0,"6":1,"7":0,"8":0,"9":0,"10":0,"11":0,"12":0,"13":0,"14":0,"15":0,"16":0},"f":{"0":1,"1":0},"b":{"0":[0,1],"1":[1,0,1,1],"2":[0,1],"3":[1,0],"4":[1,0],"5":[0,0,0],"6":[0,0],"7":[0,0],"8":[0,0],"9":[0,0],"10":[0,0],"11":[0,0,0],"12":[0,0]},"_coverageSchema":"43e27e138ebf9cfc5966b082cf9a028302ed4184","hash":"b574c2da9ca368089f7d7f3b8c33efc478caf009"}
,"/Applications/MAMP/htdocs/piio/openrumjs/src/utils/device.js": {"path":"/Applications/MAMP/htdocs/piio/openrumjs/src/utils/device.js","statementMap":{"0":{"start":{"line":2,"column":13},"end":{"line":2,"column":32}},"1":{"start":{"line":3,"column":2},"end":{"line":5,"column":3}},"2":{"start":{"line":4,"column":4},"end":{"line":4,"column":20}},"3":{"start":{"line":6,"column":2},"end":{"line":12,"column":3}},"4":{"start":{"line":11,"column":4},"end":{"line":11,"column":19}},"5":{"start":{"line":13,"column":2},"end":{"line":13,"column":19}}},"fnMap":{"0":{"name":"getDeviceType","decl":{"start":{"line":1,"column":24},"end":{"line":1,"column":37}},"loc":{"start":{"line":1,"column":40},"end":{"line":14,"column":1}},"line":1}},"branchMap":{"0":{"loc":{"start":{"line":3,"column":2},"end":{"line":5,"column":3}},"type":"if","locations":[{"start":{"line":3,"column":2},"end":{"line":5,"column":3}},{"start":{"line":3,"column":2},"end":{"line":5,"column":3}}],"line":3},"1":{"loc":{"start":{"line":6,"column":2},"end":{"line":12,"column":3}},"type":"if","locations":[{"start":{"line":6,"column":2},"end":{"line":12,"column":3}},{"start":{"line":6,"column":2},"end":{"line":12,"column":3}}],"line":6}},"s":{"0":1,"1":1,"2":0,"3":1,"4":0,"5":1},"f":{"0":1},"b":{"0":[0,1],"1":[0,1]},"_coverageSchema":"43e27e138ebf9cfc5966b082cf9a028302ed4184","hash":"1c1d9a275b3d5db1eb35bc82a944175b2261a14b"}
,"/Applications/MAMP/htdocs/piio/openrumjs/src/utils/prepare-data.js": {"path":"/Applications/MAMP/htdocs/piio/openrumjs/src/utils/prepare-data.js","statementMap":{"0":{"start":{"line":21,"column":2},"end":{"line":24,"column":3}},"1":{"start":{"line":23,"column":4},"end":{"line":23,"column":17}},"2":{"start":{"line":26,"column":15},"end":{"line":26,"column":17}},"3":{"start":{"line":27,"column":18},"end":{"line":27,"column":42}},"4":{"start":{"line":28,"column":19},"end":{"line":29,"column":62}},"5":{"start":{"line":30,"column":17},"end":{"line":31,"column":48}},"6":{"start":{"line":33,"column":2},"end":{"line":33,"column":37}},"7":{"start":{"line":34,"column":21},"end":{"line":34,"column":98}},"8":{"start":{"line":35,"column":2},"end":{"line":35,"column":80}},"9":{"start":{"line":36,"column":2},"end":{"line":36,"column":32}},"10":{"start":{"line":37,"column":2},"end":{"line":37,"column":30}},"11":{"start":{"line":39,"column":2},"end":{"line":61,"column":3}},"12":{"start":{"line":40,"column":4},"end":{"line":40,"column":45}},"13":{"start":{"line":41,"column":4},"end":{"line":41,"column":41}},"14":{"start":{"line":42,"column":4},"end":{"line":42,"column":43}},"15":{"start":{"line":43,"column":4},"end":{"line":43,"column":73}},"16":{"start":{"line":44,"column":4},"end":{"line":44,"column":69}},"17":{"start":{"line":45,"column":4},"end":{"line":45,"column":49}},"18":{"start":{"line":46,"column":4},"end":{"line":46,"column":55}},"19":{"start":{"line":47,"column":4},"end":{"line":47,"column":51}},"20":{"start":{"line":48,"column":4},"end":{"line":48,"column":41}},"21":{"start":{"line":49,"column":4},"end":{"line":49,"column":49}},"22":{"start":{"line":50,"column":4},"end":{"line":50,"column":45}},"23":{"start":{"line":51,"column":4},"end":{"line":51,"column":51}},"24":{"start":{"line":52,"column":4},"end":{"line":52,"column":47}},"25":{"start":{"line":53,"column":4},"end":{"line":53,"column":43}},"26":{"start":{"line":54,"column":4},"end":{"line":54,"column":45}},"27":{"start":{"line":55,"column":4},"end":{"line":55,"column":47}},"28":{"start":{"line":56,"column":4},"end":{"line":56,"column":43}},"29":{"start":{"line":57,"column":4},"end":{"line":57,"column":63}},"30":{"start":{"line":58,"column":4},"end":{"line":58,"column":53}},"31":{"start":{"line":59,"column":4},"end":{"line":59,"column":49}},"32":{"start":{"line":60,"column":4},"end":{"line":60,"column":41}},"33":{"start":{"line":63,"column":2},"end":{"line":65,"column":3}},"34":{"start":{"line":64,"column":4},"end":{"line":64,"column":60}},"35":{"start":{"line":67,"column":2},"end":{"line":69,"column":3}},"36":{"start":{"line":68,"column":4},"end":{"line":68,"column":82}},"37":{"start":{"line":71,"column":2},"end":{"line":74,"column":3}},"38":{"start":{"line":72,"column":4},"end":{"line":72,"column":73}},"39":{"start":{"line":73,"column":4},"end":{"line":73,"column":77}},"40":{"start":{"line":76,"column":2},"end":{"line":78,"column":3}},"41":{"start":{"line":77,"column":4},"end":{"line":77,"column":62}},"42":{"start":{"line":80,"column":2},"end":{"line":82,"column":3}},"43":{"start":{"line":81,"column":4},"end":{"line":81,"column":66}},"44":{"start":{"line":84,"column":2},"end":{"line":87,"column":3}},"45":{"start":{"line":85,"column":4},"end":{"line":85,"column":68}},"46":{"start":{"line":86,"column":4},"end":{"line":86,"column":74}},"47":{"start":{"line":88,"column":2},"end":{"line":90,"column":3}},"48":{"start":{"line":89,"column":4},"end":{"line":89,"column":68}},"49":{"start":{"line":92,"column":2},"end":{"line":94,"column":3}},"50":{"start":{"line":93,"column":4},"end":{"line":93,"column":70}},"51":{"start":{"line":96,"column":2},"end":{"line":98,"column":3}},"52":{"start":{"line":97,"column":4},"end":{"line":97,"column":73}},"53":{"start":{"line":100,"column":2},"end":{"line":110,"column":3}},"54":{"start":{"line":101,"column":4},"end":{"line":102,"column":33}},"55":{"start":{"line":103,"column":4},"end":{"line":104,"column":33}},"56":{"start":{"line":105,"column":4},"end":{"line":105,"column":36}},"57":{"start":{"line":106,"column":20},"end":{"line":106,"column":44}},"58":{"start":{"line":107,"column":4},"end":{"line":109,"column":5}},"59":{"start":{"line":107,"column":17},"end":{"line":107,"column":18}},"60":{"start":{"line":108,"column":6},"end":{"line":108,"column":96}},"61":{"start":{"line":112,"column":2},"end":{"line":114,"column":3}},"62":{"start":{"line":113,"column":4},"end":{"line":113,"column":73}},"63":{"start":{"line":116,"column":2},"end":{"line":118,"column":3}},"64":{"start":{"line":117,"column":4},"end":{"line":117,"column":78}},"65":{"start":{"line":120,"column":2},"end":{"line":122,"column":3}},"66":{"start":{"line":121,"column":4},"end":{"line":121,"column":64}},"67":{"start":{"line":123,"column":2},"end":{"line":123,"column":14}}},"fnMap":{"0":{"name":"prepareData","decl":{"start":{"line":20,"column":24},"end":{"line":20,"column":35}},"loc":{"start":{"line":20,"column":55},"end":{"line":124,"column":1}},"line":20}},"branchMap":{"0":{"loc":{"start":{"line":21,"column":2},"end":{"line":24,"column":3}},"type":"if","locations":[{"start":{"line":21,"column":2},"end":{"line":24,"column":3}},{"start":{"line":21,"column":2},"end":{"line":24,"column":3}}],"line":21},"1":{"loc":{"start":{"line":21,"column":6},"end":{"line":22,"column":75}},"type":"binary-expr","locations":[{"start":{"line":21,"column":6},"end":{"line":21,"column":24}},{"start":{"line":22,"column":5},"end":{"line":22,"column":42}},{"start":{"line":22,"column":48},"end":{"line":22,"column":74}}],"line":21},"2":{"loc":{"start":{"line":28,"column":19},"end":{"line":29,"column":62}},"type":"cond-expr","locations":[{"start":{"line":29,"column":4},"end":{"line":29,"column":55}},{"start":{"line":29,"column":58},"end":{"line":29,"column":62}}],"line":28},"3":{"loc":{"start":{"line":30,"column":17},"end":{"line":31,"column":48}},"type":"cond-expr","locations":[{"start":{"line":31,"column":4},"end":{"line":31,"column":41}},{"start":{"line":31,"column":44},"end":{"line":31,"column":48}}],"line":30},"4":{"loc":{"start":{"line":34,"column":21},"end":{"line":34,"column":98}},"type":"binary-expr","locations":[{"start":{"line":34,"column":21},"end":{"line":34,"column":41}},{"start":{"line":34,"column":45},"end":{"line":34,"column":68}},{"start":{"line":34,"column":72},"end":{"line":34,"column":98}}],"line":34},"5":{"loc":{"start":{"line":35,"column":34},"end":{"line":35,"column":78}},"type":"cond-expr","locations":[{"start":{"line":35,"column":47},"end":{"line":35,"column":71}},{"start":{"line":35,"column":74},"end":{"line":35,"column":78}}],"line":35},"6":{"loc":{"start":{"line":39,"column":2},"end":{"line":61,"column":3}},"type":"if","locations":[{"start":{"line":39,"column":2},"end":{"line":61,"column":3}},{"start":{"line":39,"column":2},"end":{"line":61,"column":3}}],"line":39},"7":{"loc":{"start":{"line":63,"column":2},"end":{"line":65,"column":3}},"type":"if","locations":[{"start":{"line":63,"column":2},"end":{"line":65,"column":3}},{"start":{"line":63,"column":2},"end":{"line":65,"column":3}}],"line":63},"8":{"loc":{"start":{"line":67,"column":2},"end":{"line":69,"column":3}},"type":"if","locations":[{"start":{"line":67,"column":2},"end":{"line":69,"column":3}},{"start":{"line":67,"column":2},"end":{"line":69,"column":3}}],"line":67},"9":{"loc":{"start":{"line":71,"column":2},"end":{"line":74,"column":3}},"type":"if","locations":[{"start":{"line":71,"column":2},"end":{"line":74,"column":3}},{"start":{"line":71,"column":2},"end":{"line":74,"column":3}}],"line":71},"10":{"loc":{"start":{"line":76,"column":2},"end":{"line":78,"column":3}},"type":"if","locations":[{"start":{"line":76,"column":2},"end":{"line":78,"column":3}},{"start":{"line":76,"column":2},"end":{"line":78,"column":3}}],"line":76},"11":{"loc":{"start":{"line":80,"column":2},"end":{"line":82,"column":3}},"type":"if","locations":[{"start":{"line":80,"column":2},"end":{"line":82,"column":3}},{"start":{"line":80,"column":2},"end":{"line":82,"column":3}}],"line":80},"12":{"loc":{"start":{"line":84,"column":2},"end":{"line":87,"column":3}},"type":"if","locations":[{"start":{"line":84,"column":2},"end":{"line":87,"column":3}},{"start":{"line":84,"column":2},"end":{"line":87,"column":3}}],"line":84},"13":{"loc":{"start":{"line":88,"column":2},"end":{"line":90,"column":3}},"type":"if","locations":[{"start":{"line":88,"column":2},"end":{"line":90,"column":3}},{"start":{"line":88,"column":2},"end":{"line":90,"column":3}}],"line":88},"14":{"loc":{"start":{"line":92,"column":2},"end":{"line":94,"column":3}},"type":"if","locations":[{"start":{"line":92,"column":2},"end":{"line":94,"column":3}},{"start":{"line":92,"column":2},"end":{"line":94,"column":3}}],"line":92},"15":{"loc":{"start":{"line":92,"column":6},"end":{"line":92,"column":70}},"type":"binary-expr","locations":[{"start":{"line":92,"column":7},"end":{"line":92,"column":30}},{"start":{"line":92,"column":36},"end":{"line":92,"column":69}}],"line":92},"16":{"loc":{"start":{"line":96,"column":2},"end":{"line":98,"column":3}},"type":"if","locations":[{"start":{"line":96,"column":2},"end":{"line":98,"column":3}},{"start":{"line":96,"column":2},"end":{"line":98,"column":3}}],"line":96},"17":{"loc":{"start":{"line":100,"column":2},"end":{"line":110,"column":3}},"type":"if","locations":[{"start":{"line":100,"column":2},"end":{"line":110,"column":3}},{"start":{"line":100,"column":2},"end":{"line":110,"column":3}}],"line":100},"18":{"loc":{"start":{"line":100,"column":6},"end":{"line":100,"column":30}},"type":"binary-expr","locations":[{"start":{"line":100,"column":7},"end":{"line":100,"column":18}},{"start":{"line":100,"column":24},"end":{"line":100,"column":29}}],"line":100},"19":{"loc":{"start":{"line":101,"column":23},"end":{"line":102,"column":31}},"type":"cond-expr","locations":[{"start":{"line":102,"column":6},"end":{"line":102,"column":24}},{"start":{"line":102,"column":27},"end":{"line":102,"column":31}}],"line":101},"20":{"loc":{"start":{"line":103,"column":32},"end":{"line":104,"column":31}},"type":"cond-expr","locations":[{"start":{"line":104,"column":6},"end":{"line":104,"column":24}},{"start":{"line":104,"column":27},"end":{"line":104,"column":31}}],"line":103},"21":{"loc":{"start":{"line":112,"column":2},"end":{"line":114,"column":3}},"type":"if","locations":[{"start":{"line":112,"column":2},"end":{"line":114,"column":3}},{"start":{"line":112,"column":2},"end":{"line":114,"column":3}}],"line":112},"22":{"loc":{"start":{"line":116,"column":2},"end":{"line":118,"column":3}},"type":"if","locations":[{"start":{"line":116,"column":2},"end":{"line":118,"column":3}},{"start":{"line":116,"column":2},"end":{"line":118,"column":3}}],"line":116},"23":{"loc":{"start":{"line":116,"column":6},"end":{"line":116,"column":38}},"type":"binary-expr","locations":[{"start":{"line":116,"column":7},"end":{"line":116,"column":24}},{"start":{"line":116,"column":30},"end":{"line":116,"column":37}}],"line":116},"24":{"loc":{"start":{"line":120,"column":2},"end":{"line":122,"column":3}},"type":"if","locations":[{"start":{"line":120,"column":2},"end":{"line":122,"column":3}},{"start":{"line":120,"column":2},"end":{"line":122,"column":3}}],"line":120}},"s":{"0":2,"1":1,"2":1,"3":1,"4":1,"5":1,"6":1,"7":1,"8":1,"9":1,"10":1,"11":1,"12":0,"13":0,"14":0,"15":0,"16":0,"17":0,"18":0,"19":0,"20":0,"21":0,"22":0,"23":0,"24":0,"25":0,"26":0,"27":0,"28":0,"29":0,"30":0,"31":0,"32":0,"33":1,"34":1,"35":1,"36":1,"37":1,"38":1,"39":1,"40":1,"41":1,"42":1,"43":1,"44":1,"45":1,"46":1,"47":1,"48":1,"49":1,"50":0,"51":1,"52":1,"53":1,"54":0,"55":0,"56":0,"57":0,"58":0,"59":0,"60":0,"61":1,"62":1,"63":1,"64":0,"65":1,"66":1,"67":1},"f":{"0":2},"b":{"0":[1,1],"1":[2,1,1],"2":[0,1],"3":[0,1],"4":[1,1,1],"5":[0,1],"6":[0,1],"7":[1,0],"8":[1,0],"9":[1,0],"10":[1,0],"11":[1,0],"12":[1,0],"13":[1,0],"14":[0,1],"15":[1,1],"16":[1,0],"17":[0,1],"18":[1,1],"19":[0,0],"20":[0,0],"21":[1,0],"22":[0,1],"23":[1,1],"24":[1,0]},"_coverageSchema":"43e27e138ebf9cfc5966b082cf9a028302ed4184","hash":"e32b95cd559d641ecc254d323aeec3994efb5e47"}
,"/Applications/MAMP/htdocs/piio/openrumjs/tests/utils/performanceObject.js": {"path":"/Applications/MAMP/htdocs/piio/openrumjs/tests/utils/performanceObject.js","statementMap":{"0":{"start":{"line":2,"column":2},"end":{"line":31,"column":10}}},"fnMap":{"0":{"name":"performanceObject","decl":{"start":{"line":1,"column":24},"end":{"line":1,"column":41}},"loc":{"start":{"line":1,"column":44},"end":{"line":32,"column":1}},"line":1}},"branchMap":{},"s":{"0":1},"f":{"0":1},"b":{},"_coverageSchema":"43e27e138ebf9cfc5966b082cf9a028302ed4184","hash":"7bf71c606bc852c69be7017344fa518eadbb6028"}
}
