TN:
SF:/Applications/MAMP/htdocs/piio/openrumjs/src/constants/constants.js
FNF:0
FNH:0
DA:1,1
DA:2,1
DA:3,1
DA:4,1
DA:5,1
DA:6,1
DA:7,1
DA:8,1
DA:9,1
DA:10,1
DA:11,1
DA:12,1
DA:13,1
DA:14,1
DA:15,1
DA:16,1
LF:16
LH:16
BRF:0
BRH:0
end_of_record
TN:
SF:/Applications/MAMP/htdocs/piio/openrumjs/src/utils/device.js
FN:1,getDeviceType
FNF:1
FNH:1
FNDA:1,getDeviceType
DA:2,1
DA:3,1
DA:4,0
DA:6,1
DA:11,0
DA:13,1
LF:6
LH:4
BRDA:3,0,0,0
BRDA:3,0,1,1
BRDA:6,1,0,0
BRDA:6,1,1,1
BRF:4
BRH:2
end_of_record
TN:
SF:/Applications/MAMP/htdocs/piio/openrumjs/src/utils/prepare-data.js
FN:19,prepareData
FNF:1
FNH:1
FNDA:2,prepareData
DA:20,2
DA:21,1
DA:24,1
DA:25,1
DA:26,1
DA:28,1
DA:31,1
DA:32,1
DA:33,1
DA:34,1
DA:36,1
DA:37,0
DA:38,0
DA:39,0
DA:40,0
DA:41,0
DA:42,0
DA:43,0
DA:44,0
DA:45,0
DA:46,0
DA:47,0
DA:48,0
DA:49,0
DA:50,0
DA:51,0
DA:52,0
DA:53,0
DA:54,0
DA:55,0
DA:56,0
DA:57,0
DA:60,1
DA:61,1
DA:64,1
DA:65,1
DA:68,1
DA:69,1
DA:70,1
DA:73,1
DA:74,1
DA:77,1
DA:78,1
DA:81,1
DA:82,1
DA:83,1
DA:85,1
DA:86,1
DA:89,1
DA:90,0
DA:93,1
DA:94,1
DA:97,1
DA:98,0
DA:100,0
DA:102,0
DA:103,0
DA:104,0
DA:105,0
DA:109,1
DA:110,1
DA:113,1
DA:114,0
DA:117,1
DA:118,1
DA:121,1
LF:66
LH:37
BRDA:20,0,0,1
BRDA:20,0,1,1
BRDA:20,1,0,2
BRDA:20,1,1,2
BRDA:26,2,0,0
BRDA:26,2,1,1
BRDA:28,3,0,0
BRDA:28,3,1,1
BRDA:32,4,0,1
BRDA:32,4,1,1
BRDA:32,4,2,1
BRDA:33,5,0,0
BRDA:33,5,1,1
BRDA:36,6,0,0
BRDA:36,6,1,1
BRDA:60,7,0,1
BRDA:60,7,1,0
BRDA:64,8,0,1
BRDA:64,8,1,0
BRDA:68,9,0,1
BRDA:68,9,1,0
BRDA:73,10,0,1
BRDA:73,10,1,0
BRDA:77,11,0,1
BRDA:77,11,1,0
BRDA:81,12,0,1
BRDA:81,12,1,0
BRDA:85,13,0,1
BRDA:85,13,1,0
BRDA:89,14,0,0
BRDA:89,14,1,1
BRDA:89,15,0,1
BRDA:89,15,1,1
BRDA:93,16,0,1
BRDA:93,16,1,0
BRDA:97,17,0,0
BRDA:97,17,1,1
BRDA:97,18,0,1
BRDA:97,18,1,1
BRDA:98,19,0,0
BRDA:98,19,1,0
BRDA:100,20,0,0
BRDA:100,20,1,0
BRDA:109,21,0,1
BRDA:109,21,1,0
BRDA:113,22,0,0
BRDA:113,22,1,1
BRDA:113,23,0,1
BRDA:113,23,1,1
BRDA:117,24,0,1
BRDA:117,24,1,0
BRF:51
BRH:30
end_of_record
TN:
SF:/Applications/MAMP/htdocs/piio/openrumjs/tests/utils/performanceObject.js
FN:1,performanceObject
FNF:1
FNH:1
FNDA:1,performanceObject
DA:2,1
LF:1
LH:1
BRF:0
BRH:0
end_of_record
