TN:
SF:/Applications/MAMP/htdocs/piio/openrumjs/src/constants/constants.js
FNF:0
FNH:0
DA:1,1
DA:2,1
DA:3,1
DA:4,1
DA:5,1
DA:6,1
DA:7,1
DA:8,1
DA:9,1
DA:10,1
DA:11,1
DA:12,1
DA:13,1
DA:14,1
DA:15,1
DA:16,1
LF:16
LH:16
BRF:0
BRH:0
end_of_record
TN:
SF:/Applications/MAMP/htdocs/piio/openrumjs/src/utils/device.js
FN:1,getDeviceType
FNF:1
FNH:1
FNDA:1,getDeviceType
DA:2,1
DA:3,1
DA:4,0
DA:6,1
DA:11,0
DA:13,1
LF:6
LH:4
BRDA:3,0,0,0
BRDA:3,0,1,1
BRDA:6,1,0,0
BRDA:6,1,1,1
BRF:4
BRH:2
end_of_record
TN:
SF:/Applications/MAMP/htdocs/piio/openrumjs/src/utils/prepare-data.js
FN:20,prepareData
FNF:1
FNH:1
FNDA:2,prepareData
DA:21,2
DA:22,2
DA:23,1
DA:25,1
DA:26,1
DA:28,1
DA:30,1
DA:31,1
DA:32,1
DA:33,1
DA:35,1
DA:36,0
DA:37,0
DA:38,0
DA:39,0
DA:40,0
DA:41,0
DA:42,0
DA:43,0
DA:44,0
DA:45,0
DA:46,0
DA:47,0
DA:48,0
DA:49,0
DA:50,0
DA:51,0
DA:52,0
DA:53,0
DA:54,0
DA:55,0
DA:58,1
DA:59,1
DA:62,1
DA:63,1
DA:66,1
DA:67,1
DA:68,1
DA:71,1
DA:72,1
DA:75,1
DA:76,1
DA:79,1
DA:80,1
DA:83,1
DA:84,1
DA:85,1
DA:87,1
DA:88,1
DA:91,1
DA:92,0
DA:95,1
DA:96,1
DA:99,1
DA:100,0
DA:102,0
DA:104,0
DA:105,0
DA:106,0
DA:107,0
DA:111,1
DA:112,1
DA:115,1
DA:116,0
DA:119,1
DA:120,1
DA:123,1
LF:67
LH:39
BRDA:22,0,0,1
BRDA:22,0,1,1
BRDA:26,1,0,0
BRDA:26,1,1,1
BRDA:28,2,0,0
BRDA:28,2,1,1
BRDA:31,3,0,1
BRDA:31,3,1,1
BRDA:31,3,2,1
BRDA:32,4,0,0
BRDA:32,4,1,1
BRDA:35,5,0,0
BRDA:35,5,1,1
BRDA:58,6,0,1
BRDA:58,6,1,0
BRDA:62,7,0,1
BRDA:62,7,1,0
BRDA:66,8,0,1
BRDA:66,8,1,0
BRDA:71,9,0,1
BRDA:71,9,1,0
BRDA:75,10,0,1
BRDA:75,10,1,0
BRDA:79,11,0,1
BRDA:79,11,1,0
BRDA:83,12,0,1
BRDA:83,12,1,0
BRDA:87,13,0,1
BRDA:87,13,1,0
BRDA:91,14,0,0
BRDA:91,14,1,1
BRDA:91,15,0,1
BRDA:91,15,1,1
BRDA:95,16,0,1
BRDA:95,16,1,0
BRDA:99,17,0,0
BRDA:99,17,1,1
BRDA:99,18,0,1
BRDA:99,18,1,1
BRDA:100,19,0,0
BRDA:100,19,1,0
BRDA:102,20,0,0
BRDA:102,20,1,0
BRDA:111,21,0,1
BRDA:111,21,1,0
BRDA:115,22,0,0
BRDA:115,22,1,1
BRDA:115,23,0,1
BRDA:115,23,1,1
BRDA:119,24,0,1
BRDA:119,24,1,0
BRF:51
BRH:29
end_of_record
TN:
SF:/Applications/MAMP/htdocs/piio/openrumjs/tests/utils/performanceObject.js
FN:1,performanceObject
FNF:1
FNH:1
FNDA:1,performanceObject
DA:2,1
LF:1
LH:1
BRF:0
BRH:0
end_of_record
